C:\USERS\ANTU\DOWNLOADS\IGRAPHICS\DEBUG\IGRAPHICS.EXE
C:\Users\ANTU\Downloads\IGraphics\Debug\IGraphics.pdb
C:\USERS\ANTU\DOWNLOADS\IGRAPHICS\IGRAPHICS\DEBUG\BALLDEMO.OBJ
C:\Users\ANTU\Downloads\IGraphics\IGraphics\Debug\cl.command.1.tlog
C:\Users\ANTU\Downloads\IGraphics\IGraphics\Debug\CL.read.1.tlog
C:\Users\ANTU\Downloads\IGraphics\IGraphics\Debug\CL.write.1.tlog
C:\Users\ANTU\Downloads\IGraphics\IGraphics\Debug\IGraphics.exe.intermediate.manifest
C:\Users\ANTU\Downloads\IGraphics\IGraphics\Debug\IGraphics.vcxprojResolveAssemblyReference.cache
C:\Users\ANTU\Downloads\IGraphics\IGraphics\Debug\IGraphics.write.1.tlog
C:\Users\ANTU\Downloads\IGraphics\IGraphics\Debug\link.command.1.tlog
C:\Users\ANTU\Downloads\IGraphics\IGraphics\Debug\link.read.1.tlog
C:\Users\ANTU\Downloads\IGraphics\IGraphics\Debug\link.write.1.tlog
C:\USERS\ANTU\DOWNLOADS\IGRAPHICS\IGRAPHICS\DEBUG\MOUSEDEMO.OBJ
C:\Users\ANTU\Downloads\IGraphics\IGraphics\Debug\mt.command.1.tlog
C:\Users\ANTU\Downloads\IGraphics\IGraphics\Debug\mt.read.1.tlog
C:\Users\ANTU\Downloads\IGraphics\IGraphics\Debug\mt.write.1.tlog
C:\USERS\ANTU\DOWNLOADS\IGRAPHICS\IGRAPHICS\DEBUG\PICTUREDEMO.OBJ
C:\Users\ANTU\Downloads\IGraphics\IGraphics\Debug\vc100.idb
C:\USERS\ANTU\DOWNLOADS\IGRAPHICS\IGRAPHICS\DEBUG\VC100.PDB
C:\USERS\ANTU\DOWNLOADS\IGRAPHICS\IGRAPHICS\DEBUG\WATCH.OBJ
